[2023-09-25T03:28:34.525Z] Sending email..., in the sendMail.js file
[2023-09-25T03:28:35.393Z] Error sending email: Error: Missing credentials for "PLAIN"
[2023-09-25T03:48:11.470Z] Sending email..., in the sendMail.js file
[2023-09-25T03:48:12.193Z] Error sending email: Error: Missing credentials for "PLAIN"
[2023-09-25T05:39:33.148Z] Sending email..., in the sendMail.js file
[2023-09-25T05:39:34.281Z] Error sending email: Error: Missing credentials for "PLAIN"
[2023-09-25T05:43:31.266Z] Sending email..., in the sendMail.js file
[2023-09-25T05:43:32.427Z] Error sending email: Error: Invalid login: 534-5.7.9 Application-specific password required. Learn more at
534 5.7.9  https://support.google.com/mail/?p=InvalidSecondFactor a3-20020a5d4d43000000b003177074f830sm10922426wru.59 - gsmtp
[2023-09-25T05:47:21.102Z] Sending email..., in the sendMail.js file
[2023-09-25T05:47:22.003Z] Error sending email: Error: Invalid login: 534-5.7.9 Application-specific password required. Learn more at
534 5.7.9  https://support.google.com/mail/?p=InvalidSecondFactor 8-20020a05600c230800b003fe61c33df5sm14119077wmo.3 - gsmtp
[2023-09-25T05:54:35.187Z] Sending email..., in the sendMail.js file
[2023-09-25T05:54:36.336Z] Error sending email: Error: Invalid login: 534-5.7.9 Application-specific password required. Learn more at
534 5.7.9  https://support.google.com/mail/?p=InvalidSecondFactor c22-20020a05600c171600b00405442edc69sm6993278wmn.14 - gsmtp
[2023-09-26T07:35:29.503Z] Sending email..., in the sendMail.js file
[2023-09-26T07:35:30.754Z] Error sending email: Error: Invalid login: 534-5.7.9 Application-specific password required. Learn more at
534 5.7.9  https://support.google.com/mail/?p=InvalidSecondFactor j10-20020adfd20a000000b003142ea7a661sm7428339wrh.21 - gsmtp
[2023-09-28T05:10:33.472Z] Sending email..., in the sendMail.js file
[2023-09-28T05:10:36.116Z] Email sent!
[2023-09-28T05:29:22.215Z] Sending email..., in the sendMail.js file
[2023-09-28T05:29:24.498Z] Email sent!
[2023-09-28T05:53:22.756Z] Sending email..., in the sendMail.js file
[2023-09-28T05:53:25.553Z] Email sent!
[2023-09-28T05:54:32.274Z] Sending email..., in the sendMail.js file
[2023-09-28T05:54:34.236Z] Email sent!
[2023-09-28T06:33:27.416Z] Sending email..., in the sendMail.js file
[2023-09-28T06:33:30.020Z] Email sent!
[2023-09-28T06:35:25.129Z] Sending email..., in the sendMail.js file
[2023-09-28T06:35:25.901Z] Error sending email: Error: Missing credentials for "PLAIN"
[2023-09-28T06:37:33.846Z] Sending email..., in the sendMail.js file
[2023-09-28T06:37:34.584Z] Error sending email: Error: Missing credentials for "PLAIN"
[2023-09-28T06:43:31.795Z] Sending email..., in the sendMail.js file
[2023-09-28T06:43:35.289Z] Email sent!
[2023-09-28T06:45:31.443Z] Sending email..., in the sendMail.js file
[2023-09-28T06:45:33.593Z] Email sent!
[2023-09-28T06:46:50.128Z] Sending email..., in the sendMail.js file
[2023-09-28T06:46:52.191Z] Email sent!
[2023-09-28T06:47:44.658Z] Sending email..., in the sendMail.js file
[2023-09-28T06:47:47.055Z] Email sent!
[2023-09-28T06:49:28.281Z] Sending email..., in the sendMail.js file
[2023-09-28T06:49:30.562Z] Email sent!
[2023-09-28T07:07:26.296Z] Sending email..., in the sendMail.js file
[2023-09-28T07:07:29.576Z] Email sent!
[2023-09-28T12:09:02.399Z] Sending email..., in the sendMail.js file
[2023-09-28T12:09:05.020Z] Email sent!
[2023-09-29T06:00:09.916Z] Sending email..., in the sendMail.js file
[2023-09-29T06:00:12.925Z] Email sent!
[2023-10-01T02:30:39.234Z] Sending email..., in the sendMail.js file
[2023-10-01T02:30:42.384Z] Email sent!
[2023-10-01T02:46:43.785Z] Sending email..., in the sendMail.js file
[2023-10-01T02:46:46.250Z] Email sent!
[2023-10-01T03:14:57.203Z] Sending email..., in the sendMail.js file
[2023-10-01T03:14:59.727Z] Email sent!
[2023-10-01T03:40:27.748Z] Sending email..., in the sendMail.js file
[2023-10-01T03:40:30.293Z] Email sent!
[2023-10-01T03:43:59.662Z] Sending email..., in the sendMail.js file
[2023-10-01T03:44:01.779Z] Email sent!
[2023-10-01T03:45:34.471Z] Sending email..., in the sendMail.js file
[2023-10-01T03:45:37.022Z] Email sent!
[2023-10-01T04:56:47.055Z] Sending email..., in the sendMail.js file
[2023-10-01T04:56:49.675Z] Email sent!
[2023-10-02T08:37:13.138Z] Sending email..., in the sendMail.js file
[2023-10-02T08:37:15.811Z] Email sent!
